[2020-09-28T09:21:57.862] [INFO] http - ====== Visit api server ======
[2020-09-28T09:21:57.865] [INFO] http - url: /round-sowing
[2020-09-28T09:21:57.866] [INFO] http - origin: undefined
[2020-09-28T09:21:57.866] [INFO] http - query: {}
[2020-09-28T09:21:57.866] [INFO] http - body: {}
[2020-09-28T09:21:57.952] [INFO] http - ====== Visit api server ======
[2020-09-28T09:21:57.952] [INFO] http - url: /partitions
[2020-09-28T09:21:57.952] [INFO] http - origin: undefined
[2020-09-28T09:21:57.952] [INFO] http - query: {}
[2020-09-28T09:21:57.953] [INFO] http - body: {}
[2020-09-28T09:21:57.962] [INFO] http - ====== Visit api server ======
[2020-09-28T09:21:57.962] [INFO] http - url: /ranking/0
[2020-09-28T09:21:57.962] [INFO] http - origin: undefined
[2020-09-28T09:21:57.963] [INFO] http - query: {}
[2020-09-28T09:21:57.963] [INFO] http - body: {}
[2020-09-28T09:21:58.829] [INFO] http - ====== Visit api server ======
[2020-09-28T09:21:58.830] [INFO] http - url: /transfer/image?pic=http://i0.hdslb.com/bfs/archive/35663977b9bb8b0ce441cff833a81525321c69e2.jpg@480w_300h.jpg
[2020-09-28T09:21:58.830] [INFO] http - referer: http://localhost:3010/index
[2020-09-28T09:21:58.837] [INFO] http - ====== Visit api server ======
[2020-09-28T09:21:58.837] [INFO] http - url: /transfer/image?pic=http://i0.hdslb.com/bfs/archive/cc25a6559b13be20ac75bbf771abd5fc444ed34c.jpg@480w_300h.jpg
[2020-09-28T09:21:58.837] [INFO] http - referer: http://localhost:3010/index
[2020-09-28T09:21:58.841] [INFO] http - ====== Visit api server ======
[2020-09-28T09:21:58.841] [INFO] http - url: /transfer/image?pic=http://i0.hdslb.com/bfs/archive/1823edded29343604f36738b0e76f60cacf9225b.jpg@480w_300h.jpg
[2020-09-28T09:21:58.842] [INFO] http - referer: http://localhost:3010/index
[2020-09-28T09:21:58.844] [INFO] http - ====== Visit api server ======
[2020-09-28T09:21:58.844] [INFO] http - url: /transfer/image?pic=http://i0.hdslb.com/bfs/archive/82bed8d6f0035f4400fdc35c6fcc1d256a88961d.jpg@480w_300h.jpg
[2020-09-28T09:21:58.844] [INFO] http - referer: http://localhost:3010/index
[2020-09-28T09:21:58.850] [INFO] http - ====== Visit api server ======
[2020-09-28T09:21:58.850] [INFO] http - url: /transfer/image?pic=http://i1.hdslb.com/bfs/archive/8470a4e49c147534f7c257db1c72a480db79ad40.jpg@320w_200h.jpg
[2020-09-28T09:21:58.850] [INFO] http - referer: http://localhost:3010/index
[2020-09-28T09:21:58.852] [INFO] http - ====== Visit api server ======
[2020-09-28T09:21:58.852] [INFO] http - url: /transfer/image?pic=http://i0.hdslb.com/bfs/archive/56fd0ac75fc7c29ac8b3b6f668e53c8ea7712716.jpg@320w_200h.jpg
[2020-09-28T09:21:58.853] [INFO] http - referer: http://localhost:3010/index
[2020-09-28T09:21:58.888] [INFO] http - ====== Visit api server ======
[2020-09-28T09:21:58.888] [INFO] http - url: /transfer/image?pic=http://i1.hdslb.com/bfs/archive/ae50f21b0034f66f8c4aad107fb1ad941f1d4203.jpg@320w_200h.jpg
[2020-09-28T09:21:58.888] [INFO] http - referer: http://localhost:3010/index
[2020-09-28T09:21:58.934] [INFO] http - ====== Visit api server ======
[2020-09-28T09:21:58.935] [INFO] http - url: /transfer/image?pic=http://i1.hdslb.com/bfs/archive/0ca7a8e17eaeb39d751d33ddcfce7aa014437a02.jpg@320w_200h.jpg
[2020-09-28T09:21:58.935] [INFO] http - referer: http://localhost:3010/index
[2020-09-28T09:21:58.939] [INFO] http - ====== Visit api server ======
[2020-09-28T09:21:58.939] [INFO] http - url: /transfer/image?pic=http://i1.hdslb.com/bfs/archive/965c843093e19dab5347348dbd6b560508c0f7c7.jpg@320w_200h.jpg
[2020-09-28T09:21:58.939] [INFO] http - referer: http://localhost:3010/index
[2020-09-28T09:21:58.941] [INFO] http - ====== Visit api server ======
[2020-09-28T09:21:58.942] [INFO] http - url: /transfer/image?pic=http://i1.hdslb.com/bfs/archive/d3b74e2d447240f0e4f3a548a48d1008c4265ad7.jpg@320w_200h.jpg
[2020-09-28T09:21:58.942] [INFO] http - referer: http://localhost:3010/index
[2020-09-28T09:22:10.122] [INFO] http - ====== Visit api server ======
[2020-09-28T09:22:10.123] [INFO] http - url: /partitions
[2020-09-28T09:22:10.123] [INFO] http - origin: undefined
[2020-09-28T09:22:10.123] [INFO] http - query: {}
[2020-09-28T09:22:10.124] [INFO] http - body: {}
[2020-09-28T09:22:10.128] [INFO] http - ====== Visit api server ======
[2020-09-28T09:22:10.128] [INFO] http - url: /live/data
[2020-09-28T09:22:10.129] [INFO] http - origin: undefined
[2020-09-28T09:22:10.129] [INFO] http - query: {}
[2020-09-28T09:22:10.129] [INFO] http - body: {}
[2020-09-28T09:22:14.094] [INFO] http - ====== Visit api server ======
[2020-09-28T09:22:14.094] [INFO] http - url: /partitions
[2020-09-28T09:22:14.095] [INFO] http - origin: undefined
[2020-09-28T09:22:14.095] [INFO] http - query: {}
[2020-09-28T09:22:14.095] [INFO] http - body: {}
[2020-09-28T09:22:31.125] [INFO] http - ====== Visit api server ======
[2020-09-28T09:22:31.126] [INFO] http - url: /partitions
[2020-09-28T09:22:31.126] [INFO] http - origin: undefined
[2020-09-28T09:22:31.126] [INFO] http - query: {}
[2020-09-28T09:22:31.126] [INFO] http - body: {}
[2020-09-28T09:22:31.129] [INFO] http - ====== Visit api server ======
[2020-09-28T09:22:31.129] [INFO] http - url: /round-sowing
[2020-09-28T09:22:31.129] [INFO] http - origin: undefined
[2020-09-28T09:22:31.130] [INFO] http - query: {}
[2020-09-28T09:22:31.130] [INFO] http - body: {}
[2020-09-28T09:22:31.133] [INFO] http - ====== Visit api server ======
[2020-09-28T09:22:31.134] [INFO] http - url: /ranking/0
[2020-09-28T09:22:31.134] [INFO] http - origin: undefined
[2020-09-28T09:22:31.134] [INFO] http - query: {}
[2020-09-28T09:22:31.134] [INFO] http - body: {}
[2020-09-28T09:22:31.924] [INFO] http - ====== Visit api server ======
[2020-09-28T09:22:31.924] [INFO] http - url: /transfer/image?pic=http://i0.hdslb.com/bfs/archive/35663977b9bb8b0ce441cff833a81525321c69e2.jpg@480w_300h.jpg
[2020-09-28T09:22:31.925] [INFO] http - referer: http://localhost:3010/index
[2020-09-28T09:22:31.927] [INFO] http - ====== Visit api server ======
[2020-09-28T09:22:31.928] [INFO] http - url: /transfer/image?pic=http://i0.hdslb.com/bfs/archive/1823edded29343604f36738b0e76f60cacf9225b.jpg@480w_300h.jpg
[2020-09-28T09:22:31.928] [INFO] http - referer: http://localhost:3010/index
[2020-09-28T09:22:31.931] [INFO] http - ====== Visit api server ======
[2020-09-28T09:22:31.931] [INFO] http - url: /transfer/image?pic=http://i0.hdslb.com/bfs/archive/82bed8d6f0035f4400fdc35c6fcc1d256a88961d.jpg@480w_300h.jpg
[2020-09-28T09:22:31.931] [INFO] http - referer: http://localhost:3010/index
[2020-09-28T09:22:31.933] [INFO] http - ====== Visit api server ======
[2020-09-28T09:22:31.933] [INFO] http - url: /transfer/image?pic=http://i0.hdslb.com/bfs/archive/cc25a6559b13be20ac75bbf771abd5fc444ed34c.jpg@480w_300h.jpg
[2020-09-28T09:22:31.933] [INFO] http - referer: http://localhost:3010/index
[2020-09-28T09:22:31.946] [INFO] http - ====== Visit api server ======
[2020-09-28T09:22:31.946] [INFO] http - url: /transfer/image?pic=http://i1.hdslb.com/bfs/archive/8470a4e49c147534f7c257db1c72a480db79ad40.jpg@320w_200h.jpg
[2020-09-28T09:22:31.946] [INFO] http - referer: http://localhost:3010/index
[2020-09-28T09:22:31.948] [INFO] http - ====== Visit api server ======
[2020-09-28T09:22:31.948] [INFO] http - url: /transfer/image?pic=http://i0.hdslb.com/bfs/archive/56fd0ac75fc7c29ac8b3b6f668e53c8ea7712716.jpg@320w_200h.jpg
[2020-09-28T09:22:31.948] [INFO] http - referer: http://localhost:3010/index
[2020-09-28T09:22:31.986] [INFO] http - ====== Visit api server ======
[2020-09-28T09:22:31.986] [INFO] http - url: /transfer/image?pic=http://i1.hdslb.com/bfs/archive/ae50f21b0034f66f8c4aad107fb1ad941f1d4203.jpg@320w_200h.jpg
[2020-09-28T09:22:31.987] [INFO] http - referer: http://localhost:3010/index
[2020-09-28T09:22:32.006] [INFO] http - ====== Visit api server ======
[2020-09-28T09:22:32.006] [INFO] http - url: /transfer/image?pic=http://i1.hdslb.com/bfs/archive/0ca7a8e17eaeb39d751d33ddcfce7aa014437a02.jpg@320w_200h.jpg
[2020-09-28T09:22:32.006] [INFO] http - referer: http://localhost:3010/index
[2020-09-28T09:22:32.010] [INFO] http - ====== Visit api server ======
[2020-09-28T09:22:32.011] [INFO] http - url: /transfer/image?pic=http://i1.hdslb.com/bfs/archive/965c843093e19dab5347348dbd6b560508c0f7c7.jpg@320w_200h.jpg
[2020-09-28T09:22:32.012] [INFO] http - referer: http://localhost:3010/index
[2020-09-28T09:22:32.015] [INFO] http - ====== Visit api server ======
[2020-09-28T09:22:32.015] [INFO] http - url: /transfer/image?pic=http://i1.hdslb.com/bfs/archive/d3b74e2d447240f0e4f3a548a48d1008c4265ad7.jpg@320w_200h.jpg
[2020-09-28T09:22:32.015] [INFO] http - referer: http://localhost:3010/index
[2020-09-28T09:22:46.351] [INFO] http - ====== Visit api server ======
[2020-09-28T09:22:46.351] [INFO] http - url: /partitions
[2020-09-28T09:22:46.351] [INFO] http - origin: undefined
[2020-09-28T09:22:46.351] [INFO] http - query: {}
[2020-09-28T09:22:46.351] [INFO] http - body: {}
[2020-09-28T09:22:46.355] [INFO] http - ====== Visit api server ======
[2020-09-28T09:22:46.355] [INFO] http - url: /round-sowing
[2020-09-28T09:22:46.355] [INFO] http - origin: undefined
[2020-09-28T09:22:46.355] [INFO] http - query: {}
[2020-09-28T09:22:46.355] [INFO] http - body: {}
[2020-09-28T09:22:46.359] [INFO] http - ====== Visit api server ======
[2020-09-28T09:22:46.359] [INFO] http - url: /ranking/0
[2020-09-28T09:22:46.359] [INFO] http - origin: undefined
[2020-09-28T09:22:46.360] [INFO] http - query: {}
[2020-09-28T09:22:46.360] [INFO] http - body: {}
[2020-09-28T09:23:07.865] [INFO] http - ====== Visit api server ======
[2020-09-28T09:23:07.866] [INFO] http - url: /partitions
[2020-09-28T09:23:07.866] [INFO] http - origin: undefined
[2020-09-28T09:23:07.866] [INFO] http - query: {}
[2020-09-28T09:23:07.867] [INFO] http - body: {}
[2020-09-28T09:23:07.869] [INFO] http - ====== Visit api server ======
[2020-09-28T09:23:07.870] [INFO] http - url: /round-sowing
[2020-09-28T09:23:07.870] [INFO] http - origin: undefined
[2020-09-28T09:23:07.870] [INFO] http - query: {}
[2020-09-28T09:23:07.870] [INFO] http - body: {}
[2020-09-28T09:23:07.873] [INFO] http - ====== Visit api server ======
[2020-09-28T09:23:07.873] [INFO] http - url: /ranking/0
[2020-09-28T09:23:07.874] [INFO] http - origin: undefined
[2020-09-28T09:23:07.874] [INFO] http - query: {}
[2020-09-28T09:23:07.874] [INFO] http - body: {}
[2020-09-28T09:23:39.124] [INFO] http - ====== Visit api server ======
[2020-09-28T09:23:39.124] [INFO] http - url: /partitions
[2020-09-28T09:23:39.124] [INFO] http - origin: undefined
[2020-09-28T09:23:39.124] [INFO] http - query: {}
[2020-09-28T09:23:39.124] [INFO] http - body: {}
[2020-09-28T09:23:39.129] [INFO] http - ====== Visit api server ======
[2020-09-28T09:23:39.129] [INFO] http - url: /round-sowing
[2020-09-28T09:23:39.129] [INFO] http - origin: undefined
[2020-09-28T09:23:39.130] [INFO] http - query: {}
[2020-09-28T09:23:39.130] [INFO] http - body: {}
[2020-09-28T09:23:39.136] [INFO] http - ====== Visit api server ======
[2020-09-28T09:23:39.137] [INFO] http - url: /ranking/0
[2020-09-28T09:23:39.137] [INFO] http - origin: undefined
[2020-09-28T09:23:39.137] [INFO] http - query: {}
[2020-09-28T09:23:39.137] [INFO] http - body: {}
[2020-09-28T09:24:40.844] [INFO] http - ====== Visit api server ======
[2020-09-28T09:24:40.845] [INFO] http - url: /partitions
[2020-09-28T09:24:40.845] [INFO] http - origin: undefined
[2020-09-28T09:24:40.845] [INFO] http - query: {}
[2020-09-28T09:24:40.845] [INFO] http - body: {}
[2020-09-28T09:24:40.848] [INFO] http - ====== Visit api server ======
[2020-09-28T09:24:40.848] [INFO] http - url: /round-sowing
[2020-09-28T09:24:40.848] [INFO] http - origin: undefined
[2020-09-28T09:24:40.848] [INFO] http - query: {}
[2020-09-28T09:24:40.849] [INFO] http - body: {}
[2020-09-28T09:24:40.854] [INFO] http - ====== Visit api server ======
[2020-09-28T09:24:40.854] [INFO] http - url: /ranking/0
[2020-09-28T09:24:40.854] [INFO] http - origin: undefined
[2020-09-28T09:24:40.854] [INFO] http - query: {}
[2020-09-28T09:24:40.854] [INFO] http - body: {}
